This file contains any messages produced by compilers while
running configure, to aid debugging if configure makes a mistake.

configure:1360: checking for Cygwin environment
configure:1376: cc -c   conftest.c 1>&5
configure: In function 'main':
configure:1372:8: error: '__CYGWIN32__' undeclared (first use in this function)
configure:1372:8: note: each undeclared identifier is reported only once for each function it appears in
configure: failed program was:
#line 1365 "configure"
#include "confdefs.h"

int main() {

#ifndef __CYGWIN__
#define __CYGWIN__ __CYGWIN32__
#endif
return __CYGWIN__;
; return 0; }
configure:1393: checking for mingw32 environment
configure:1405: cc -c   conftest.c 1>&5
configure: In function 'main':
configure:1401:8: error: '__MINGW32__' undeclared (first use in this function)
configure:1401:8: note: each undeclared identifier is reported only once for each function it appears in
configure: failed program was:
#line 1398 "configure"
#include "confdefs.h"

int main() {
return __MINGW32__;
; return 0; }
configure:1424: checking for egrep
configure:1439: checking for a sed that does not truncate output
configure:1572: checking for gcc
configure:1685: checking whether the C compiler (gcc  ) works
configure:1701: gcc -o conftest    conftest.c  1>&5
configure:1727: checking whether the C compiler (gcc  ) is a cross-compiler
configure:1732: checking whether we are using GNU C
configure:1741: gcc -E conftest.c
configure:1760: checking whether gcc accepts -g
configure:1792: checking how to run the C preprocessor
configure:1813: gcc -E  conftest.c >/dev/null 2>conftest.out
configure:1874: checking for icc
configure:1898: checking for suncc
configure:1923: checking whether gcc and cc understand -c and -o together
configure:1938: gcc -c conftest.c -o conftest.o 1>&5
configure:1939: gcc -c conftest.c -o conftest.o 1>&5
configure:1944: cc -c conftest.c 1>&5
configure:1946: cc -c conftest.c -o conftest.o 1>&5
configure:1947: cc -c conftest.c -o conftest.o 1>&5
configure:1978: checking for system library directory
configure:1999: checking if compiler supports -R
configure:2014: gcc -o conftest -g -O2   conftest.c -R /usr/lib  1>&5
gcc: error: unrecognized option '-R'
configure: failed program was:
#line 2007 "configure"
#include "confdefs.h"

int main() {

; return 0; }
configure:2032: checking if compiler supports -Wl,-rpath,
configure:2047: gcc -o conftest -g -O2   conftest.c -Wl,-rpath,/usr/lib  1>&5
configure:2097: checking host system type
configure:2118: checking target system type
configure:2213: checking for PHP prefix
configure:2216: checking for PHP includes
configure:2219: checking for PHP extension directory
configure:2222: checking for PHP installed headers prefix
configure:2226: checking if debug is enabled
configure:2257: checking if zts is enabled
configure:2359: checking for re2c
configure:2419: checking for gawk
configure:2419: checking for nawk
configure:2460: checking if nawk is broken
configure:2483: checking whether to enable first_ext support
configure:2913: checking build system type
configure:2942: checking for ld used by gcc
configure:3014: checking if the linker (/usr/bin/ld) is GNU ld
configure:3034: checking for /usr/bin/ld option to reload object files
configure:3059: checking for BSD-compatible nm
configure:3112: checking whether ln -s works
configure:3133: checking how to recognize dependent libraries
configure:3325: checking for object suffix
configure:3331: gcc -c -g -O2  conftest.c 1>&5
configure:3351: checking for executable suffix
configure:3361: gcc -o conftest -g -O2   conftest.c  1>&5
configure:3581: checking for dlfcn.h
configure:3591: gcc -E  conftest.c >/dev/null 2>conftest.out
configure:3630: checking the maximum length of command line arguments
configure:3752: checking command to parse /usr/bin/nm -B output from gcc object
configure:3856: gcc -c -g -O2  conftest.c 1>&5
configure:3859: /usr/bin/nm -B conftest.o | sed -n -e 's/^.*[ ]\([ABCDGIRSTW][ABCDGIRSTW]*\)[ ][ ]*\([_A-Za-z][_A-Za-z0-9]*\)$/  /p' > conftest.nm
configure:3910: gcc -o conftest -g -O2   conftest.c conftstm.o 1>&5
configure:3950: checking for objdir
configure:4016: checking for ar
configure:4083: checking for ranlib
configure:4150: checking for strip
configure:4706: checking if gcc supports -fno-rtti -fno-exceptions
configure:4723: gcc -c -g -O2  -fno-rtti -fno-exceptions conftest.c 1>&5
cc1: warning: command line option '-fno-rtti' is valid for C++/ObjC++ but not for C [enabled by default]
configure:4727: $? = 0
configure:4756: checking for gcc option to produce PIC
configure:5003: checking if gcc PIC flag -fPIC works
configure:5020: gcc -c -g -O2  -fPIC -DPIC conftest.c 1>&5
configure:5024: $? = 0
configure:5066: checking if gcc static flag -static works
configure:5104: checking if gcc supports -c -o file.o
configure:5124: gcc -c -g -O2  -o out/conftest2.o conftest.c 1>&5
configure:5128: $? = 0
configure:5175: checking whether the gcc linker (/usr/bin/ld) supports shared libraries
configure:6119: checking whether -lc should be explicitly linked in
configure:6123: gcc -c -g -O2  conftest.c 1>&5
configure:6137: gcc -shared conftest.o  -v -Wl,-soname -Wl,conftest -o conftest 2>&1 | grep  -lc  >/dev/null 2>&1
configure:6156: checking dynamic linker characteristics
configure:6781: checking how to hardcode library paths into programs
configure:6819: checking whether stripping libraries is possible
configure:7409: checking if libtool supports shared libraries
configure:7413: checking whether to build shared libraries
configure:7436: checking whether to build static libraries
